[debug] [2024-02-21T06:56:50.124Z] ----------------------------------------------------------------------
[debug] [2024-02-21T06:56:50.126Z] Command:       C:\Program Files\nodejs\node.exe C:\Users\tejas\AppData\Roaming\npm\node_modules\firebase-tools\lib\bin\firebase.js init
[debug] [2024-02-21T06:56:50.126Z] CLI Version:   13.3.0
[debug] [2024-02-21T06:56:50.126Z] Platform:      win32
[debug] [2024-02-21T06:56:50.127Z] Node Version:  v18.14.0
[debug] [2024-02-21T06:56:50.128Z] Time:          Wed Feb 21 2024 12:26:50 GMT+0530 (India Standard Time)
[debug] [2024-02-21T06:56:50.128Z] ----------------------------------------------------------------------
[debug] 
[debug] [2024-02-21T06:56:50.135Z] > command requires scopes: ["email","openid","https://www.googleapis.com/auth/cloudplatformprojects.readonly","https://www.googleapis.com/auth/firebase","https://www.googleapis.com/auth/cloud-platform"]
[debug] [2024-02-21T06:56:50.135Z] > authorizing via signed-in user (projects.borgward@gmail.com)
[info] 
     ######## #### ########  ######## ########     ###     ######  ########
     ##        ##  ##     ## ##       ##     ##  ##   ##  ##       ##
     ######    ##  ########  ######   ########  #########  ######  ######
     ##        ##  ##    ##  ##       ##     ## ##     ##       ## ##
     ##       #### ##     ## ######## ########  ##     ##  ######  ########

You're about to initialize a Firebase project in this directory:

  C:\Users\tejas\Documents\projects\Borgward-tech\chat-with-listener\keeptrack

[info] 
=== Project Setup
[info] 
[info] First, let's associate this project directory with a Firebase project.
[info] You can create multiple project aliases by running firebase use --add, 
[info] but for now we'll just set up a default project.
[info] 
[debug] [2024-02-21T06:57:03.166Z] > refreshing access token with scopes: []
[debug] [2024-02-21T06:57:03.174Z] >>> [apiv2][query] POST https://www.googleapis.com/oauth2/v3/token [none]
[debug] [2024-02-21T06:57:03.175Z] >>> [apiv2][body] POST https://www.googleapis.com/oauth2/v3/token [omitted]
[debug] [2024-02-21T06:57:03.688Z] <<< [apiv2][status] POST https://www.googleapis.com/oauth2/v3/token 200
[debug] [2024-02-21T06:57:03.689Z] <<< [apiv2][body] POST https://www.googleapis.com/oauth2/v3/token [omitted]
[debug] [2024-02-21T06:57:03.752Z] >>> [apiv2][query] GET https://firebase.googleapis.com/v1beta1/projects pageSize=100
[debug] [2024-02-21T06:57:04.706Z] <<< [apiv2][status] GET https://firebase.googleapis.com/v1beta1/projects 200
[debug] [2024-02-21T06:57:04.706Z] <<< [apiv2][body] GET https://firebase.googleapis.com/v1beta1/projects [omitted]
[info] i  Using project listenerchat-web (listenerchat-web) 
[info] 
=== Hosting Setup
[debug] [2024-02-21T06:57:11.145Z] >>> [apiv2][query] GET https://firebase.googleapis.com/v1beta1/projects/listenerchat-web [none]
[debug] [2024-02-21T06:57:11.793Z] <<< [apiv2][status] GET https://firebase.googleapis.com/v1beta1/projects/listenerchat-web 200
[debug] [2024-02-21T06:57:11.794Z] <<< [apiv2][body] GET https://firebase.googleapis.com/v1beta1/projects/listenerchat-web {"projectId":"listenerchat-web","projectNumber":"735160598585","displayName":"listenerchat-web","name":"projects/listenerchat-web","resources":{"hostingSite":"listenerchat-web"},"state":"ACTIVE","etag":"1_0c2cf519-43ed-449a-921d-ba165e3a993a"}
